<?xml version="1.0" encoding="UTF-8"?>
<testsuite name="com.tomgregory.GradleNewTest" tests="1" skipped="0" failures="0" errors="0" timestamp="2024-04-29T06:04:07" hostname="Bhavya-Goswami.local" time="0.015">
  <properties/>
  <testcase name="testDetermineGrade" classname="com.tomgregory.GradleNewTest" time="0.015"/>
  <system-out><![CDATA[]]></system-out>
  <system-err><![CDATA[]]></system-err>
</testsuite>
