<?xml version="1.0" encoding="UTF-8"?>
<testsuite name="com.tomgregory.GradleTutorialTest" tests="1" skipped="0" failures="0" errors="0" timestamp="2024-04-29T06:04:07" hostname="Bhavya-Goswami.local" time="0.01">
  <properties/>
  <testcase name="verifyNoExceptionThrown" classname="com.tomgregory.GradleTutorialTest" time="0.01"/>
  <system-out><![CDATA[Gradle 4tw!
]]></system-out>
  <system-err><![CDATA[]]></system-err>
</testsuite>
