<?xml version="1.0" encoding="UTF-8"?>
<testsuite name="com.tomgregory.SimpleCalculatorAddTest" tests="5" skipped="0" failures="0" errors="0" timestamp="2024-04-29T06:04:07" hostname="Bhavya-Goswami.local" time="0.002">
  <properties/>
  <testcase name="additionWithZero" classname="com.tomgregory.SimpleCalculatorAddTest" time="0.001"/>
  <testcase name="largeNumberAddition" classname="com.tomgregory.SimpleCalculatorAddTest" time="0.0"/>
  <testcase name="additionOfPositiveAndNegative" classname="com.tomgregory.SimpleCalculatorAddTest" time="0.0"/>
  <testcase name="additionWithNegativeNumbers" classname="com.tomgregory.SimpleCalculatorAddTest" time="0.001"/>
  <testcase name="basicAddition" classname="com.tomgregory.SimpleCalculatorAddTest" time="0.0"/>
  <system-out><![CDATA[]]></system-out>
  <system-err><![CDATA[]]></system-err>
</testsuite>
